gplink-1.4.0 #1107 (Apr  3 2018)
Copyright (c) 1998-2014 gputils project
Listing File Generated: 9-4-2022  15:50:29
 
 
Address  Value    Disassembly              Source
-------  -----    -----------              ------
                                           ;--------------------------------------------------------
                                           ; File Created by SDCC : free open source ANSI-C Compiler
                                           ; Version 4.0.0 #11528 (Linux)
                                           ;--------------------------------------------------------
                                           ; PIC port for the 14-bit core
                                           ;--------------------------------------------------------
                                           ;	.file	"tom.c"
                                           	list	p=12f675
                                           	radix dec
                                           	include "p12f675.inc"
                                                   LIST
                                           
                                           ;==========================================================================
                                           ; Build date : Aug 07 2014
                                           ;  MPASM PIC12F675 processor include
                                           ; 
                                           ;  (c) Copyright 1999-2014 Microchip Technology, All rights reserved
                                           ;==========================================================================
                                           
                                                   NOLIST
                                           ;--------------------------------------------------------
                                           ; config word(s)
                                           ;--------------------------------------------------------
002007   3f97     addlw   0x97             	__config 0x3f97
                                           ;--------------------------------------------------------
                                           ; external declarations
                                           ;--------------------------------------------------------
                                           	extern	_TRISIO
                                           	extern	_GPIO
                                           	extern	_GPIObits
                                           	extern	__sdcc_gsinit_startup
                                           ;--------------------------------------------------------
                                           ; global declarations
                                           ;--------------------------------------------------------
                                           	global	_main
                                           	global	_delay
                                           
                                           	global PSAVE
                                           	global SSAVE
                                           	global WSAVE
                                           	global STK12
                                           	global STK11
                                           	global STK10
                                           	global STK09
                                           	global STK08
                                           	global STK07
                                           	global STK06
                                           	global STK05
                                           	global STK04
                                           	global STK03
                                           	global STK02
                                           	global STK01
                                           	global STK00
                                           
                                           sharebank udata_ovr 0x0020
                                           PSAVE	res 1
                                           SSAVE	res 1
                                           WSAVE	res 1
                                           STK12	res 1
                                           STK11	res 1
                                           STK10	res 1
                                           STK09	res 1
                                           STK08	res 1
                                           STK07	res 1
                                           STK06	res 1
                                           STK05	res 1
                                           STK04	res 1
                                           STK03	res 1
                                           STK02	res 1
                                           STK01	res 1
                                           STK00	res 1
                                           
                                           ;--------------------------------------------------------
                                           ; global definitions
                                           ;--------------------------------------------------------
                                           ;--------------------------------------------------------
                                           ; absolute symbol definitions
                                           ;--------------------------------------------------------
                                           ;--------------------------------------------------------
                                           ; compiler-defined variables
                                           ;--------------------------------------------------------
                                           UDL_tom_0	udata
                                           r0x1008	res	1
                                           r0x1001	res	1
                                           r0x1000	res	1
                                           r0x1002	res	1
                                           r0x1003	res	1
                                           r0x1004	res	1
                                           r0x1005	res	1
                                           r0x1006	res	1
                                           r0x1007	res	1
                                           ;--------------------------------------------------------
                                           ; initialized data
                                           ;--------------------------------------------------------
                                           ;--------------------------------------------------------
                                           ; initialized absolute data
                                           ;--------------------------------------------------------
                                           ;--------------------------------------------------------
                                           ; overlayable items in internal ram 
                                           ;--------------------------------------------------------
                                           ;	udata_ovr
                                           ;--------------------------------------------------------
                                           ; reset vector 
                                           ;--------------------------------------------------------
                                           STARTUP	code 0x0000
000000   0000     nop                      	nop
                                           	pagesel __sdcc_gsinit_startup
000001   2802     goto    0x0002           	goto	__sdcc_gsinit_startup
                                           ;--------------------------------------------------------
                                           ; code
                                           ;--------------------------------------------------------
                                           code_tom	code
                                           ;***
                                           ;  pBlock Stats: dbName = M
                                           ;***
                                           ;has an exit
                                           ;functions called:
                                           ;   _delay
                                           ;   _delay
                                           ;   _delay
                                           ;   _delay
                                           ;2 compiler assigned registers:
                                           ;   r0x1008
                                           ;   STK00
                                           ;; Starting pCode block
                                           S_tom__main	code
                                           _main:
                                           ; 2 exit points
                                           ;	.line	10; "tom.c"	TRISIO = 0b00101000; //GPIO3 y GPIO5 como entradas
0000f9   3028     movlw   0x28             	MOVLW	0x28
0000fa   1683     bsf     0x03, 0x5        	BANKSEL	_TRISIO
0000fb   0085     movwf   0x05             	MOVWF	_TRISIO
                                           ;	.line	11; "tom.c"	GPIO = 0b00000000; //todos los GPIOS comienzan en bajo
0000fc   1283     bcf     0x03, 0x5        	BANKSEL	_GPIO
0000fd   0185     clrf    0x05             	CLRF	_GPIO
                                           _00108_DS_:
                                           ;	.line	21; "tom.c"	if (GPIO3 == 1)
0000fe   01bc     clrf    0x3c             	CLRF	r0x1008
0000ff   1283     bcf     0x03, 0x5        	BANKSEL	_GPIObits
000100   1985     btfsc   0x05, 0x3        	BTFSC	_GPIObits,3
000101   0abc     incf    0x3c, 0x1        	INCF	r0x1008,F
000102   083c     movf    0x3c, 0x0        	MOVF	r0x1008,W
000103   3a01     xorlw   0x01             	XORLW	0x01
000104   1d03     btfss   0x03, 0x2        	BTFSS	STATUS,2
000105   28fe     goto    0x00fe           	GOTO	_00108_DS_
                                           ;	.line	24; "tom.c"	GPIO5 = 1;
000106   1685     bsf     0x05, 0x5        	BSF	_GPIObits,5
                                           ;	.line	25; "tom.c"	GPIO0 = 0;
000107   1005     bcf     0x05, 0x0        	BCF	_GPIObits,0
                                           ;	.line	26; "tom.c"	GPIO1 = 0;
000108   1085     bcf     0x05, 0x1        	BCF	_GPIObits,1
                                           ;	.line	27; "tom.c"	GPIO2 = 1;
000109   1505     bsf     0x05, 0x2        	BSF	_GPIObits,2
                                           ;	.line	28; "tom.c"	GPIO4 = 0;
00010a   1205     bcf     0x05, 0x4        	BCF	_GPIObits,4
                                           ;	.line	29; "tom.c"	delay(time);
00010b   3064     movlw   0x64             	MOVLW	0x64
00010c   00af     movwf   0x2f             	MOVWF	STK00
00010d   3000     movlw   0x00             	MOVLW	0x00
                                           	PAGESEL	_delay
00010e   20d2     call    0x00d2           	CALL	_delay
                                           	PAGESEL	$
                                           ;	.line	30; "tom.c"	GPIO5 = 0;
00010f   1283     bcf     0x03, 0x5        	BANKSEL	_GPIObits
000110   1285     bcf     0x05, 0x5        	BCF	_GPIObits,5
                                           ;	.line	31; "tom.c"	GPIO0 = 1;
000111   1405     bsf     0x05, 0x0        	BSF	_GPIObits,0
                                           ;	.line	32; "tom.c"	GPIO1 = 1;
000112   1485     bsf     0x05, 0x1        	BSF	_GPIObits,1
                                           ;	.line	33; "tom.c"	GPIO2 = 1;
000113   1505     bsf     0x05, 0x2        	BSF	_GPIObits,2
                                           ;	.line	34; "tom.c"	GPIO4 = 0;
000114   1205     bcf     0x05, 0x4        	BCF	_GPIObits,4
                                           ;	.line	35; "tom.c"	delay(time);
000115   3064     movlw   0x64             	MOVLW	0x64
000116   00af     movwf   0x2f             	MOVWF	STK00
000117   3000     movlw   0x00             	MOVLW	0x00
                                           	PAGESEL	_delay
000118   20d2     call    0x00d2           	CALL	_delay
                                           	PAGESEL	$
000119   28fe     goto    0x00fe           	GOTO	_00108_DS_
                                           ;	.line	40; "tom.c"	}
00011a   0008     return                   	RETURN	
                                           ; exit point of _main
                                           
                                           ;***
                                           ;  pBlock Stats: dbName = C
                                           ;***
                                           ;has an exit
                                           ;9 compiler assigned registers:
                                           ;   r0x1000
                                           ;   STK00
                                           ;   r0x1001
                                           ;   r0x1002
                                           ;   r0x1003
                                           ;   r0x1004
                                           ;   r0x1005
                                           ;   r0x1006
                                           ;   r0x1007
                                           ;; Starting pCode block
                                           S_tom__delay	code
                                           _delay:
                                           ; 2 exit points
                                           ;	.line	42; "tom.c"	void delay(unsigned int tiempo)
0000d2   00be     movwf   0x3e             	MOVWF	r0x1000
0000d3   082f     movf    0x2f, 0x0        	MOVF	STK00,W
0000d4   00bd     movwf   0x3d             	MOVWF	r0x1001
                                           ;	.line	47; "tom.c"	for(i=0;i<tiempo;i++)
0000d5   01bf     clrf    0x3f             	CLRF	r0x1002
0000d6   01c0     clrf    0x40             	CLRF	r0x1003
                                           _00119_DS_:
0000d7   083e     movf    0x3e, 0x0        	MOVF	r0x1000,W
0000d8   0240     subwf   0x40, 0x0        	SUBWF	r0x1003,W
0000d9   1d03     btfss   0x03, 0x2        	BTFSS	STATUS,2
0000da   28dd     goto    0x00dd           	GOTO	_00140_DS_
0000db   083d     movf    0x3d, 0x0        	MOVF	r0x1001,W
0000dc   023f     subwf   0x3f, 0x0        	SUBWF	r0x1002,W
                                           _00140_DS_:
0000dd   1803     btfsc   0x03, 0x0        	BTFSC	STATUS,0
0000de   28f8     goto    0x00f8           	GOTO	_00121_DS_
                                           ;;genSkipc:3307: created from rifx:0x7fffa9df8100
                                           ;	.line	48; "tom.c"	for(j=0;j<1275;j++);
0000df   30fb     movlw   0xfb             	MOVLW	0xfb
0000e0   00c1     movwf   0x41             	MOVWF	r0x1004
0000e1   3004     movlw   0x04             	MOVLW	0x04
0000e2   00c2     movwf   0x42             	MOVWF	r0x1005
                                           _00117_DS_:
0000e3   30ff     movlw   0xff             	MOVLW	0xff
0000e4   0741     addwf   0x41, 0x0        	ADDWF	r0x1004,W
0000e5   00c3     movwf   0x43             	MOVWF	r0x1006
0000e6   30ff     movlw   0xff             	MOVLW	0xff
0000e7   00c4     movwf   0x44             	MOVWF	r0x1007
0000e8   0842     movf    0x42, 0x0        	MOVF	r0x1005,W
0000e9   1803     btfsc   0x03, 0x0        	BTFSC	STATUS,0
0000ea   0f42     incfsz  0x42, 0x0        	INCFSZ	r0x1005,W
0000eb   07c4     addwf   0x44, 0x1        	ADDWF	r0x1007,F
0000ec   0843     movf    0x43, 0x0        	MOVF	r0x1006,W
0000ed   00c1     movwf   0x41             	MOVWF	r0x1004
0000ee   0844     movf    0x44, 0x0        	MOVF	r0x1007,W
0000ef   00c2     movwf   0x42             	MOVWF	r0x1005
0000f0   0844     movf    0x44, 0x0        	MOVF	r0x1007,W
0000f1   0443     iorwf   0x43, 0x0        	IORWF	r0x1006,W
0000f2   1d03     btfss   0x03, 0x2        	BTFSS	STATUS,2
0000f3   28e3     goto    0x00e3           	GOTO	_00117_DS_
                                           ;	.line	47; "tom.c"	for(i=0;i<tiempo;i++)
0000f4   0abf     incf    0x3f, 0x1        	INCF	r0x1002,F
0000f5   1903     btfsc   0x03, 0x2        	BTFSC	STATUS,2
0000f6   0ac0     incf    0x40, 0x1        	INCF	r0x1003,F
0000f7   28d7     goto    0x00d7           	GOTO	_00119_DS_
                                           _00121_DS_:
                                           ;	.line	49; "tom.c"	}
0000f8   0008     return                   	RETURN	
                                           ; exit point of _delay
                                           
                                           
                                           ;	code size estimation:
                                           ;	   69+    8 =    77 instructions (  170 byte)
                                           
                                           	end
